Tue 01 Oct 2013 11:04:59 PM IST - Serving started
Tue 01 Oct 2013 11:07:18 PM IST - Received signal SIGINT ending...
Tue 01 Oct 2013 11:07:18 PM IST - Serving stopped (UL: 0 [0], DL: 0)
Tue 01 Oct 2013 11:16:19 PM IST - Serving started
Tue 01 Oct 2013 11:16:22 PM IST - Server socket bind error: EADDRINUSE (98) for port: 1209
Tue 01 Oct 2013 11:16:22 PM IST - Server socket bind error: EADDRINUSE (98) for port: 411
Tue 01 Oct 2013 11:16:22 PM IST - Server socket bind error: EADDRINUSE (98) for port: 3128
Tue 01 Oct 2013 11:16:22 PM IST - Server socket bind error: EADDRINUSE (98) for port: 95
Tue 01 Oct 2013 11:16:22 PM IST - Server socket bind error: EADDRINUSE (98) for port: 154
Tue 01 Oct 2013 11:16:22 PM IST - Server socket bind error: EADDRINUSE (98) for port: 3210
Tue 01 Oct 2013 11:16:22 PM IST - Server socket bind error: EADDRINUSE (98) for port: 8080
Tue 01 Oct 2013 11:16:22 PM IST - No valid TCP port specified!
Tue 01 Oct 2013 11:22:24 PM IST - Server socket bind error: EADDRINUSE (98) for port: 1209
Tue 01 Oct 2013 11:22:24 PM IST - Server socket bind error: EADDRINUSE (98) for port: 411
Tue 01 Oct 2013 11:22:24 PM IST - Server socket bind error: EADDRINUSE (98) for port: 3128
Tue 01 Oct 2013 11:22:24 PM IST - Server socket bind error: EADDRINUSE (98) for port: 95
Tue 01 Oct 2013 11:22:24 PM IST - Server socket bind error: EADDRINUSE (98) for port: 154
Tue 01 Oct 2013 11:22:24 PM IST - Server socket bind error: EADDRINUSE (98) for port: 3210
Tue 01 Oct 2013 11:22:24 PM IST - Server socket bind error: EADDRINUSE (98) for port: 8080
Tue 01 Oct 2013 11:22:24 PM IST - No valid TCP port specified!
Tue 01 Oct 2013 11:22:37 PM IST - Server socket bind error: EADDRINUSE (98) for port: 1209
Tue 01 Oct 2013 11:22:37 PM IST - Server socket bind error: EADDRINUSE (98) for port: 411
Tue 01 Oct 2013 11:22:37 PM IST - Server socket bind error: EADDRINUSE (98) for port: 3128
Tue 01 Oct 2013 11:22:37 PM IST - Server socket bind error: EADDRINUSE (98) for port: 95
Tue 01 Oct 2013 11:22:37 PM IST - Server socket bind error: EADDRINUSE (98) for port: 154
Tue 01 Oct 2013 11:22:37 PM IST - Server socket bind error: EADDRINUSE (98) for port: 3210
Tue 01 Oct 2013 11:22:37 PM IST - Server socket bind error: EADDRINUSE (98) for port: 8080
Tue 01 Oct 2013 11:22:37 PM IST - No valid TCP port specified!
Tue 22 Oct 2013 06:53:25 PM IST - Serving started
Tue 22 Oct 2013 06:57:18 PM IST - Received signal SIGINT ending...
Tue 22 Oct 2013 06:57:18 PM IST - Serving stopped (UL: 0 [0], DL: 0)
Tue 22 Oct 2013 07:02:59 PM IST - Serving started
Tue 22 Oct 2013 07:04:03 PM IST - Received signal SIGINT ending...
Tue 22 Oct 2013 07:04:03 PM IST - Serving stopped (UL: 336 [0], DL: 258)
